<?xml version="1.0" encoding="UTF-8"?>
<!-- Generated by org.testng.reporters.JUnitXMLReporter -->
<testsuite ignored="1" hostname="DESKTOP-6DCA233" failures="0" tests="1" name="Test" time="15.743" errors="0" timestamp="2024-10-23T21:02:59 EDT">
  <testcase classname="testCases.Tc001_accountRegistration" name="verify_account_registeration" time="7.953"/>
  <testcase classname="testCases.TC002_logintest" name="Verify_login" time="0.0">
    <ignored/>
  </testcase> <!-- Verify_login -->
</testsuite> <!-- Test -->
