<?xml version="1.0" encoding="UTF-8"?>
<!-- Generated by org.testng.reporters.JUnitXMLReporter -->
<testsuite ignored="0" hostname="DESKTOP-6DCA233" failures="1" tests="1" name="chrome Test" time="7.872" errors="0" timestamp="2024-10-12T21:03:27 EDT">
  <testcase classname="testCases.Tc001_accountRegistration" name="verify_account_registeration" time="0.005">
    <failure type="java.lang.Error" message="Unresolved compilation problems: 
	Assert cannot be resolved
	Assert cannot be resolved
">
      <![CDATA[java.lang.Error: Unresolved compilation problems: 
Assert cannot be resolved
Assert cannot be resolved

at testCases.Tc001_accountRegistration.verify_account_registeration(Tc001_accountRegistration.java:44)
at java.base/java.util.ArrayList.forEach(ArrayList.java:1511)
at java.base/java.util.concurrent.FutureTask.run(FutureTask.java:264)
at java.base/java.util.concurrent.ThreadPoolExecutor.runWorker(ThreadPoolExecutor.java:1136)
at java.base/java.util.concurrent.ThreadPoolExecutor$Worker.run(ThreadPoolExecutor.java:635)
at java.base/java.lang.Thread.run(Thread.java:833)
... Removed 15 stack frames]]>
    </failure>
  </testcase> <!-- verify_account_registeration -->
</testsuite> <!-- chrome Test -->
